Saved: Roscommon (637)
Saved: Lord Mayo (638)
Saved: Loftus Jones (640)
Saved: Scattery Island (641)
Saved: Oot Be Est Da Vong (642)
Saved: John Joe Casey's (643)
Saved: Silver Vale, The (644)
Saved: Bubba's (645)
Saved: Frank's (646)
Saved: Tha Mi Sgith (647)
Saved: Never Was Piping So Gay (648)
Saved: Humours Of Lissadell, The (649)
Saved: Xesus And Felicia (650)
Saved: Boys Of Bluehill, The (651)
Saved: Plains Of Boyle, The (652)
Saved: Irish March (653)
Saved: Fermanagh (654)
Saved: Charlie O'Neill's (655)
Saved: Timmy Clifford's (656)
Saved: International, The (657)
Saved: Stone In The Field, The (658)
Saved: Sligo Indians (659)
Saved: Burning Of The Piper's Hut, The (660)
Saved: Swaggering Jig, The (661)
Saved: Johnny Doherty's (662)
Saved: Peacock's Feathers, The (663)
Saved: Rosie Finn's Favourite (664)
Saved: Peacock's Feathers, The (665)
Saved: Alexander's (666)
Saved: Killavil, The (667)
Saved: Off To Alaska (668)
Saved: Girl Who Broke My Heart, The (669)
Saved: Glenbeigh, The (670)
Saved: Green Fields Of Glentown, The (671)
Saved: Destitution, The (673)
Saved: Gravel Walks, The (674)
Saved: Paddy Canny's Toast (675)
Saved: Kiss The Maid Behind The Barrel (676)
Saved: Five Servants, The (677)
Saved: Hedigan's Fancy (678)
Saved: Sixty Ninth Street (679)
Saved: Bantry Lasses, The (680)
Saved: Follow Me Down To Carlow (681)
Saved: Master McDermott's (682)
Saved: Cheating Bastard, The (683)
Saved: Newcastle, The (684)
Saved: King's Fancy, The (685)
Saved: Laura And Ethena (688)
Saved: Drake's Neck, The (689)
Saved: Steampacket, The (690)
Saved: Matt People's (691)
Saved: Coast Of Austria, The (692)
Saved: Strop The Razor (693)
Saved: Off With You! (694)
Saved: Green Fields Of America, The (695)
Saved: Beare Island (696)
Failed to parse ABC data for id 697:
 0: X: 1
 1: T: Peat-Fire Flame
 2: M: 4/4
 3: L: 1/8
 4: R: reel
 5: K: Dmin
 6: &quot;Part A&quot; || dfcd/c/ AG A2 | A8 ||
 7: &quot;Part B&quot; || D>EFE DCA2 | AGGF/G/ AGGA | D>EFE DCAA/G/ | FDEC D2 D2 ||
 8: &quot;Part C&quot; || F>GAf/e/ dc2A | AGGF/G/ AGGA | F>GAf/e/ dcA>G | FDEC D2 D2 ||
Expected W:(abcd...) (at char 54), (line:7, col:1)
Saved: Caves Of Kiltanon, The (698)
Saved: Laura Lynn Cunningham (699)
Saved: Seany Dorris (700)
Saved: Blackthorn Stick, The (702)
Saved: Catharsis (703)
Saved: Tailor's Thimble, The (704)
Saved: Barrowburn (705)
Saved: Mairie's Wedding (706)
Saved: Gan Ainm (707)
Saved: Watchmaker, The (708)
Saved: Bunch Of Roses, The (709)
Saved: Queen Of The Rushes, The (710)
Saved: Tap Room, The (711)
Saved: Sherlock's (713)
Saved: Dr. McPhail's (714)
Saved: West Cork, The (715)
Saved: Moving Bog, The (716)
Saved: Sourgrass And Granite (717)
Saved: George White's Favorite (718)
Saved: Rip The Calico (719)
Saved: Blackthorne Stick, The (720)
Saved: Paddy Killoran's (721)
Saved: Dr. Mulcrone (722)
Saved: Geese In The Bog, The (723)
Saved: Callaghan's (724)
Saved: Eddie Kelly's (725)
Saved: Ashplant, The (726)
Saved: Brenda Stubbert's (727)
Saved: Noonday Feast, The (728)
Saved: Siobhan O'Donnell's (729)
Saved: Sully's (730)
Saved: Fleur De Mandragore (731)
Saved: Thunderhead (732)
Saved: Killarney Boys Of Pleasure (733)
Saved: Mowsy Draggie (734)
Saved: Going To Donnybrook (735)
Saved: Jump At The Sun (736)
Saved: Spike Island Lasses, The (737)
Saved: Bunny's Hat, The (738)
Saved: Ashmolean House (739)
Saved: Miner's, The (740)
Saved: Paddy O'Rafferty (741)
Saved: Eleanor Neary's (742)
Saved: Swallow's Nest, The (743)
Saved: Miss Thorton's (744)
Saved: Katty's (745)
Saved: Miller Of Droghan, The (746)
Saved: Banks Of The Illen, The (747)
Saved: Flax In Bloom, The (748)
Saved: Molly Put The Kettle On (749)
Saved: A Fig For A Kiss (750)
Saved: Lord Pilu Goes To The Country (751)
Saved: Maid At The Well, The (752)
Saved: March Hare, The (753)
Saved: Bonnie Kate (754)
Saved: Hole In The Hedge (755)
Saved: Jennie's Chickens (756)
Saved: Silver Spur, The (757)
Saved: Lilac, The (758)
Saved: Crowley's (759)
Saved: Tripping Down The Stairs (760)
Saved: Dowd's Number Nine (761)
Saved: Roaring Mary (762)
Saved: Emily's (763)
Saved: Sailor On The Rock, The (765)
Saved: Music For A Lost Euphonium (766)
Saved: Farewell To Chernobyl (767)
Saved: Roaring Waters (768)
Saved: Belles Of Tipperary, The (769)
Saved: Palm Sunday (770)
Saved: Carraroe, The (771)
Saved: Queen Of The Fair (772)
Saved: Christmas Day Ida Moarnin' (773)
Saved: Mickey Callaghan's Fancy (774)
Saved: Banks Of Lough Gowna, The (775)
Saved: Breton (776)
Saved: Clare's Dragoons (777)
Saved: Long Night, The (778)
Saved: Chorus, The (779)
Saved: Ingonish (780)
Saved: Two Days To Go (781)
Saved: Gaelic Club, The (782)
Saved: Solstice, The (783)
Saved: Little Stack Of Wheat, The (785)
Saved: Four Pound Cheque, The (786)
Saved: Sleepy Maggie (787)
Saved: Carolan's Concerto (788)
Saved: Primrose Lasses, The (789)
Saved: Planxty Irwin (790)
Saved: Father Kelly's (791)
Saved: Fool's (792)
Saved: Jim Ward's (793)
Saved: Cowboy, The (794)
Saved: Praties They Grow Small, The (795)
Saved: Bag Of Ice, The (796)
Saved: Winnie Hayes' (797)
Saved: Flame In The Fiddle, The (798)
Saved: Tom Steele (800)
Saved: Sweetness Of Mary, The (802)
Saved: I Ne'er Shall Wean Her (803)
Saved: Stone Of Destiny (804)
Saved: Eynhallow Soond (805)
Saved: Flagstone Of Memories (806)
Saved: Blue Jigg (807)
Saved: Cook In The Kitchen, The (808)
Saved: Charlie Hunter (809)
Saved: Darby Gallagher's (810)
Saved: Maho Snaps, The (811)
Saved: Virginia, The (812)
Saved: Mouseskin Shoe, The (813)
Saved: Amhr (814)
Saved: Rosewood (815)
Saved: Tom Billy's (816)
Saved: McDermott's (817)
Saved: Wallop The Spot (818)
Saved: Siobhan O'Donnell's (819)
Saved: Christy Barry's (820)
Saved: Cornelius Curtin's Big Balloon (821)
Saved: Leitrim Thrush, The (822)
Saved: Graham's Flat (823)
Saved: Day I Met Tom Moylan, The (824)
Saved: Cuil Aodha, The (825)
Saved: Lisheen, The (826)
Saved: Templehouse, The (827)
Saved: Morning Star, The (828)
Saved: Hag At The Churn, The (829)
Saved: Brian O'Lynn (830)
Saved: Trip To Nenagh, The (831)
Saved: Paddy Clancy's (832)
Saved: A Trip To The Cottage (833)
Saved: Log Cabin, The (834)
Saved: March Of The Kings Of Laois (835)
Saved: Dublin Porter (836)
Saved: Follow Me Down To Galway (837)
Saved: Andy De Jarlis' (838)
Saved: Flail, The (839)
Saved: Chicago, The (840)
Saved: Poll Ha'Penny (841)
Saved: Hills Of Glenorchy, The (842)
Saved: Christy Barry's (843)
Saved: Cat On The Roof, The (844)
Saved: Old Stories (845)
Saved: Farewell To Erin (846)
Saved: Take The Bull By The Horns (847)
Saved: Hunt The Fox (848)
Saved: Paddy Fahy's (849)
Saved: Smoky Bar, The (850)
Saved: Return From Fingal (851)
Saved: Lepadumdowledum (852)
Saved: John Carty's (853)
Saved: Sport Of The Chase, The (854)
Saved: Afton Water (855)
Saved: Landslide, The (856)
Saved: Spoot O' Skerry (857)
Saved: Wounded Hussar, The (858)
Saved: Paddy Fahy's (859)
Saved: An Asal Cam (860)
Saved: One That Was Lost, The (861)
Saved: Barbra's (862)
Saved: Boys Of Coomanore, The (863)
Saved: Cordal, The (864)
Saved: Kevin McHugh's (865)
Saved: Ale Is Dear, The (866)
Saved: Dark Corners (867)
Saved: Kevin McHugh's (868)
Saved: Kitty's Wedding (869)
Failed to parse ABC data for id 870:
 0: X: 1
Failed to parse ABC data for id 870:
 0: X: 1
Saved: Rambling Speaker, The (873)
Saved: Rathlin Island (874)
Saved: If Ever You Were Mine (875)
Saved: Gneevgullia (876)
Saved: Priest In His Boots, The (877)
Saved: Da Full Rigged Ship (878)
Saved: An Phis Fhliuch (879)
Saved: Da New Rigged Ship (880)
Saved: Isabela Blackley (881)
Saved: Kerry, The (882)
Saved: Laurel Tree, The (883)
Saved: Mountain Lark, The (884)
Saved: Wizard's Walk, The (885)
Saved: John Pollard's Session At Burke's (886)
Saved: New Copperplate, The (887)
Saved: Mug Of Brown Ale, The (888)
Saved: Dillon's (890)
Saved: Trip To Durrow, The (891)
Saved: Bonnie Prince Charlie (892)
Saved: Hurry The Jug (893)
Saved: Up In The Air (894)
Saved: Pirate Ship, The (895)
Saved: Lakes Of Ponchartrain, The (896)
Failed to parse ABC data for id 897:
 0: X: 1
 1: T: Fern Height
 2: M: 2/4
 3: L: 1/8
 4: R: polka
 5: K: Gmaj
 6: &quot;G&quot;G>A Bd|&quot;Am&quot;cB AG|&quot;D&quot;F/G/F/E/ D>E|FD FA|
 7: &quot;G&quot;G>A Bd|&quot;Am&quot;cB AG|&quot;D&quot;F/G/F/E/ D>E|1FA&quot;G&quot; GD:|2FA&quot;G&quot; GA||
 8: &quot;G&quot;Bg g>f|&quot;Em&quot;ed cB|&quot;Am&quot;ca &quot;A&quot;a>g|&quot;D&quot;f/e/d ef|
 9: &quot;G&quot;gB &quot;C&quot;ce|&quot;G&quot;dB &quot;C&quot;cA|&quot;D&quot;F/G/F/E/ D>E|1FA&quot;G&quot; GA:|2FA&quot;G&quot; GD||
Expected W:(abcd...) (at char 51), (line:7, col:1)
Saved: Mourne Mountains, The (898)
Saved: Orange Rogue, The (899)
Saved: Scartaglen, The (900)
Saved: Speed The Plough (901)
Saved: Mamma's Pet (902)
Failed to parse ABC data for id 903:
 0: X: 1
 1: T: Stag's Lodge
 2: M: 2/4
 3: L: 1/8
 4: R: polka
 5: K: Emin
 6: &quot;Em&quot;eB/B/ GB|FB EB|&quot;Am&quot;c>B AG|&quot;D&quot;F/E/D EF|
 7: &quot;Em&quot;eB/B/ GB|FB EB|&quot;C&quot;c/B/A &quot;D&quot;dc|1&quot;G&quot;BG G2:|2&quot;Em&quot;Be e2||
 8: &quot;Em&quot;B>e eg|e/f/g fd|&quot;C&quot;cG Gc|&quot;D&quot;dA Ac|
 9: &quot;Em&quot;B>e eg|e/f/g fd|&quot;Am&quot;c/d/e ge|&quot;Bm&quot;d/e/f af|
10: &quot;Em&quot;b>B Bg|e/f/g fd|&quot;C&quot;cG Gc|&quot;D&quot;dA Ac|
11: &quot;Em&quot;B>e eg|e/f/g fd|&quot;Am&quot;ce ag|&quot;Bm&quot;f/e/d ef|
Expected W:(abcd...) (at char 52), (line:7, col:1)
Saved: Upperchurch, The (904)
Saved: Princess Royal, The (905)
Saved: High Noon Killer, The (906)
Saved: Chumha Eoghain Rua Ui Neill (907)
Saved: Sunset, The (908)
Saved: John Egan's (909)
Saved: Windbroke (910)
Failed to parse ABC data for id 911:
 0: X: 1
 1: T: Lake House
 2: M: 2/4
 3: L: 1/8
 4: R: polka
 5: K: Ador
 6: &quot;Am&quot;A>B cA|GA &quot;Em&quot;EG|&quot;Am&quot;A>B cA|&quot;G&quot;dB/d/ &quot;Em&quot;e2|
 7: &quot;Am&quot;A>B cA|GA &quot;Em&quot;EG|&quot;Am&quot;AB/c/ BA|1&quot;G&quot;G>A BG:|2&quot;G&quot;G>D &quot;D&quot;EF||
 8: |:&quot;G&quot;G>A BG|&quot;C&quot;EG &quot;D&quot;DE|&quot;G&quot;G>A BG|&quot;Em&quot;dG &quot;C&quot;ed|
 9: &quot;G&quot;G>A BG|&quot;C&quot;EG &quot;D&quot;DE|&quot;G&quot;GA/c/ BG|1&quot;Am&quot;A>c BA:|2&quot;Am&quot;Ae/d/ &quot;Em&quot;cB||
Expected W:(abcd...) (at char 50), (line:7, col:1)
Saved: Dance Of The Welsh Vicar (914)
Saved: Winding Hills Of Sligo, The (915)
Saved: John Egan's (916)
Saved: Turnpike, The (917)
Saved: Up Downey (918)
Saved: Lacey's (919)
Saved: Road To Recovery, The (920)
Saved: Knotted Cord, The (921)
Saved: Banks, The (922)
Saved: Sheep Island (923)
Saved: Connor Bones (924)
Saved: Haley's (925)
Saved: Hag's Purse, The (926)
Saved: Policeman's Holiday, The (927)
Failed to parse ABC data for id 928:
 0: X: 1
 1: T: Queen Of The West, The
 2: M: 4/4
 3: L: 1/8
 4: R: hornpipe
 5: K: Dmaj
 6: uFE|:D>FAF DFA,F|&quot;A&quot;EGAG EGA,G|&quot;D&quot;FAdF &quot;D#dim&quot;GBec|&quot;A&quot;Adfd cAGC|
 7: &quot;D&quot;DFAF DFA,F|&quot;A&quot;EGAG EGA,G|&quot;D&quot;FAdA &quot;A&quot;Ggec|1 &quot;D&quot;d2d2d2 FE:|2 &quot;D&quot;d2d2d2 ucd||
 8: |:&quot;A&quot;ecAc EAce|&quot;D&quot;fdAd FAdf|&quot;G&quot;.g2fg &quot;D&quot;efdf|&quot;E&quot;(3edc (3dcB &quot;A&quot; ABcd|
 9: ecAc EAce|&quot;D&quot;fdAd FAdf|&quot;G&quot;gbag &quot;A&quot;fedc|1 &quot;D&quot;d2d2d2 ucd:|2 &quot;D&quot;d2d2d2 uFE||
Expected W:(abcd...) (at char 65), (line:7, col:1)
Saved: Argosy, The (930)
Saved: Michael Dwyer's (931)
Saved: Hangman's Rope, The (932)
Saved: Besom In Bloom, The (933)
Saved: John McKenna's (934)
Saved: 1st August (935)
Saved: Fair Wind, The (936)
Saved: Kate Marie (937)
Saved: Lady On The Island, The (938)
Saved: North-West (939)
Saved: Soporific, The (940)
Saved: Gatehouse Maid, The (941)
Saved: Maid In The Meadow, The (942)
Saved: Corney Is Coming (943)
Saved: Planxty Joe Burke (944)
Saved: Bee's Wing, The (945)
Saved: Woodchoppers, The (946)
Saved: Kilfenora, The (947)
Saved: Kilfenora, The (948)
Saved: Kilfenora, The (949)
Saved: Fat Cat, The (950)
Saved: Spirits Of Wine, The (951)
Saved: Happy One Step, The (952)
Saved: Elizabeth Kelly's Delight (953)
Saved: Mary O'Neill's (954)
Saved: Easy Club, The (955)
Saved: Kinsella's (956)
Saved: Fanny Poer (957)
Saved: Michael Russell's (958)
Saved: Camping With Roosters (959)
Saved: Man In The Moon, The (960)
Saved: Old Cuffe Street (961)
Saved: Atlantic Wave, The (962)
Saved: Private Ass And Cart (963)
Saved: Noel Hill's (964)
Saved: Finore (965)
Saved: Black Pat's (966)
Saved: Morning Thrush, The (967)
Saved: Paddy Fahy's (968)
Saved: Buckley's Fancy (969)
Saved: Connaught Heifers, The (970)
Saved: Con Cassidy's (971)
Saved: New Irish (972)
Saved: Man Of Aran (973)
Saved: Golden Eagle, The (974)
Saved: Boy In The Boat, The (975)
Saved: Old Maid Of Galway, The (976)
Saved: Mist Of Clonmel, The (977)
Saved: Old Maids Of Galway, The (978)
Saved: Abbeyfeale, The (979)
Saved: Humours Of Tullycrine, The (980)
Saved: Farewell To Connaught (981)
Saved: Fergus, The (982)
Saved: Cricket's March Over The Salt Box, The (983)
Saved: PK's (984)
Saved: Padraigh O'Keefe's (985)
Saved: Arran Boat Song (986)
Saved: Leslie's March (987)
Saved: Minor Slip (988)
Saved: Cloch Na Ceithre Mhile (989)
Saved: Love At The Endings (990)
Saved: Lord Inchiquin (991)
Saved: Fraher's (992)
Saved: Maire Rua (993)
Saved: Alabama Rick's (994)
Saved: Father Bernie's (995)
Saved: Taylor's Twist, The (996)
Saved: Ash Grove, The (997)
Saved: O'Keefe's (998)
Saved: Dan Breen's (999)
Saved: Bridal, The (1000)
Saved: Sleep Sound In The Morning (1001)
Saved: Big John McNeil (1002)
Saved: Butcher's Fancy, The (1003)
Saved: Tempest, The (1004)
Saved: John Crossey (1005)
Saved: Grumbling Old Man And Woman, The (1006)
Saved: Mill Quay, The (1008)
Saved: Paddy Cronin's (1009)
Saved: Wheels Of The World, The (1010)
Saved: Around The World For Sport (1011)
Saved: Moving Bog, The (1012)
Saved: Jimmy Batty's (1013)
Saved: Barrack Hill (1014)
Saved: Green Gowned Lass, The (1015)
Failed to parse ABC data for id 1016:
 0: X: 1
 1: T: Josephine's
 2: M: 3/4
 3: L: 1/8
 4: R: waltz
 5: K: Gmaj
 6: &quot;G&quot;DGA|B d c|BAG|D2 E|&quot;C&quot; C2 C/2C/2|EGF|E3|&quot;D&quot;D3|
 7: &quot;G&quot;DGA|B d c|BAG|D2 E|&quot;C&quot;C2 C/2C/2| EFG|(&quot;D&quot;A3|A)Bc|
 8: |:&quot;G&quot;dBd|g2f|&quot;C&quot;e3|&quot;G&quot;d3|&quot;C&quot;ced|cBA|&quot;G&quot;B>c B|&quot;D&quot;ABc:|
 9: |&quot;Em&quot;BAG|&quot;D&quot;F2G|&quot;C&quot;G3|CDC|&quot;G&quot;B,DG|&quot;D&quot;FEF|(&quot;G&quot;G3|G)|
Expected W:(abcd...) (at char 51), (line:7, col:1)
Saved: Dermot Grogan's (1017)
Saved: Miss Susan Cooper (1018)
Saved: Palmers Gate (1020)
Saved: Farrel O'Gara's Schottise (1021)
Saved: Did You Wash Your Father's Shirt (1022)
Saved: Humours Of Whiskey, The (1023)
Saved: Rising Sun, The (1024)
Saved: Sweeney's (1025)
Saved: Trip To Herve's, The (1026)
Saved: Wild Irishman, The (1027)
Saved: Killarney Wonder Schottise, The (1028)
Saved: Burnt Old Man, The (1029)
Saved: Comb Your Hair And Curl It (1030)
Saved: Peter's Peerie Boat (1031)
Saved: Little Heathy Hill, The (1032)
Saved: Gale, The (1033)
Saved: Flavor Of The Month, The (1034)
Saved: Boys Of The Town, The (1035)
Saved: Sean Ryan's (1036)
Saved: Shepherd's Wife, The (1037)
Saved: Independence, The (1038)
Saved: For Ireland I Won't Say Her Name (1039)
Saved: Sheila Coyle's (1040)
Saved: Macroom Lasses, The (1042)
Saved: Humors Of Kilclogher (1043)
Saved: Seamus O'Brien's (1044)
Saved: Gun In The Thatch, The (1045)
Saved: Windy Gap, The (1046)
Saved: Ronde De Loudeac (1047)
Saved: Cape Breton Fiddler's Welcome To Shetland, The (1048)
Saved: Pipe On The Hob, The (1049)
Saved: Maple Leaf, The (1050)
Saved: Do You Want Anymore? (1051)
Saved: Cooley's (1052)
Saved: Kitty McGee (1053)
Saved: Gooch, The (1054)
Saved: Carolan's Welcome (1055)
Saved: Lady Lane (1056)
Saved: Red Bee, The (1057)
Saved: Poppy Leaf, The (1058)
Saved: Galtee, The (1059)
Saved: Malbay Shuffle, The (1060)
Saved: Bantry Bay (1061)
Saved: Martin Rochford's (1062)
Saved: Bow-Legged Tailor, The (1063)
Saved: Whinney Hills Of Leitrim, The (1064)
Saved: Broken Lantern, The (1065)
Saved: Kilfenora Lass, The (1066)
Saved: Farewell To London (1067)
Saved: I'll Mend Your Pots And Kettles - O (1068)
Saved: Lillibullero (1069)
Saved: Monaghan Twig, The (1070)
Saved: Rafferty's (1071)
Saved: Tempest, The (1072)
Saved: Muriel's (1073)
Saved: Trip To Windsor, The (1074)
Saved: Britches Full Of Stitches, The (1075)
Saved: Black Rogue, The (1076)
Saved: Munster Buttermilk (1077)
Saved: Four Poster Bed, The (1078)
Saved: Pierre's Right Arm (1079)
Saved: Father O'Flynn (1080)
Saved: Saint Lawrence (1081)
Saved: Crabs In The Skillet (1082)
Saved: Petronella (1083)
Saved: Hullichan (1084)
Saved: Tommy Bhetty's (1085)
Failed to parse ABC data for id 1086:
 0: X: 1
 1: T: Hughie Shortie's
 2: M: 4/4
 3: L: 1/8
 4: R: reel
 5: K: Gmaj
 6: &quot;G&quot;G2BG &quot;D&quot;cAFA| &quot;G&quot;GABd g2fg| &quot;C&quot;ecAc &quot;G&quot;dBGB| &quot;Am&quot;cAAB &quot;D&quot;AFD2|
 7: &quot;G&quot;DGBG &quot;D&quot;cAFA| &quot;G&quot;GABd g2fg| &quot;C&quot;ecAc &quot;G&quot;dBGB| &quot;D&quot;cAFA &quot;G&quot;G4 :|
 8: &quot;G&quot;g2dg bgag| &quot;C&quot;ec c/c/c &quot;Am&quot;efge| &quot;G&quot;dB B/B/B &quot;Em&quot;dBGB| &quot;C&quot;cAAB &quot;D&quot;AFD2|
 9: &quot;G&quot;g2dg bgag| &quot;C&quot;ec c/c/c efge| &quot;G&quot;dB B/B/B &quot;C&quot;dBGB| &quot;D&quot;cAGF &quot;G&quot;G4|
10: &quot;G&quot;g2dg bgag| &quot;C&quot;ec c/c/c &quot;Am&quot;efge| &quot;G&quot;dB B/B/B &quot;Em&quot;dBGB| &quot;C&quot;cAAB &quot;D&quot;AFD2|
11: &quot;C&quot;G,CEC &quot;G&quot;B,DdB| &quot;D&quot;cdef &quot;G&quot;g2fg| &quot;C&quot;ecAc &quot;G&quot;dBGB| &quot;D&quot;cAFA &quot;G&quot;G4|]
Expected W:(abcd...) (at char 55), (line:7, col:1)
Saved: Patsy Touhey's (1087)
Saved: Dancing The Baby (1088)
Saved: Jizaique (1089)
Saved: Cahir's Kitchen (1090)
Saved: Moving Cloud, The (1091)
Saved: Angus (1092)
Saved: Lexie McAskill's (1093)
Saved: Corn Reeks (1094)
Saved: Beef To The Heel (1095)
Saved: Muineira De Casu (1096)
Saved: Jack's The Lad (1097)
Saved: Haunted House, The (1098)
Saved: Joys Of Wedlock, The (1099)
Saved: Tommy Peoples' (1100)
Saved: Sound Of Sleat, The (1101)
Saved: Jackson's Fancy (1102)
Saved: Blackberry Quadrille, The (1103)
Saved: Blackbird, The (1104)
Saved: Phoenix, The (1105)
Saved: Steamboat, The (1106)
Saved: Ace And Deuce Of Pipering, The (1107)
Saved: Khazi (1108)
Saved: Thady You Gander (1109)
Saved: Mucking Out The Byre (1110)
Saved: Bedrock, The (1111)
Saved: Ivy Leaf, The (1112)
Saved: Tralee Gaol (1113)
Saved: King George IV (1114)
Saved: Fireman's, The (1115)
Saved: Lady Of The House, The (1116)
Saved: Spanish Lady (1117)
Saved: Jenny's Gone To Linton (1118)
Saved: Bloom Of Youth, The (1119)
Saved: Tame Her When Da Snaw Comes (1120)
Saved: Talisker On Ba Bridge (1122)
Saved: Rose Tree, The (1123)
Saved: Seaweed On The Yellow Cliff (1124)
Saved: Rolling Off A Log (1125)
Saved: Munster Cloak, The (1126)
Saved: Christmas In Kinsale (1127)
Saved: Bank Of Turf, The (1128)
Saved: Rose Of Aranmore, The (1129)
Saved: Rakes Of Clonmel, The (1130)
Saved: Dwyer's (1131)
Saved: Munster Lass, The (1132)
Saved: Off She Goes (1133)
Saved: Spoils Of Victory, The (1134)
Saved: Trip To Lerwick, The (1136)
Saved: Joe Burke's (1137)
Saved: Stool Of Repentance, The (1138)
Saved: Jim Kelly's (1139)
Saved: Murphy's (1140)
Saved: Captain John's (1141)
Saved: Trim The Velvet (1142)
Saved: Byrne's (1143)
Saved: Lamplighter, The (1144)
Saved: Peacock Follow The Hen (1145)
Saved: Soldier's Cloak, The (1146)
Saved: Long Drop, The (1147)
Saved: Drag Her Round The Road (1148)
Saved: Maggie Brown's Favourite (1149)
Saved: Portland Fancy, The (1150)
Saved: Maple Leaf, The (1151)
Saved: Bell's Favourite (1152)
Saved: Brisk Young Lads, The (1153)
Saved: Happy To Meet, Sorry To Part (1154)
Saved: John Stenson's (1155)
Saved: Ceilidh At Alexandra's (1156)
Saved: Spitfire, The (1157)
Saved: William Taylor's Table Top (1158)
Saved: Finbar Dwyer's Favorite (1159)
Saved: Lost And Found (1160)
Saved: Forgotten, The (1161)
Saved: Allie Crocker's (1162)
Saved: John Stenson's (1163)
Saved: Far From Home (1164)
Saved: Bruach Na Carraige Baine (1165)
Saved: Third Policeman, The (1166)
Saved: Come Up The Back Stairs (1167)
Failed to parse ABC data for id 1168:
 0: X: 1
 1: T: Det M
 2: M: 3/4
 3: L: 1/8
 4: R: waltz
 5: K: Bmin
 6: &quot;Bm&quot;(dc B)(d cB)|(dc B)(d cB)|&quot;G&quot;(G6|G2)B2G2|&quot;D&quot;F3GF2|&quot;A&quot;E2D3E&quot;F#&quot;|(F6|F6)|
 7: &quot;Bm&quot;(dc B)(d cB)|(dc B)(d cB)|&quot;G&quot;(G6|G2)B2G2|&quot;D&quot;F2A3F|&quot;G&quot;G2B2G2|&quot;D&quot;F2A3F|
 8: &quot;G&quot;G2B2G2|&quot;D&quot;Fd &quot;G&quot; Ge &quot;D&quot; ed|&quot;Em&quot;Ed &quot;Bm&quot;d2   &quot;F#&quot;c2|&quot;Bm&quot;(B6|B6):|
 9: &quot;Bm&quot;f3ed2|f2e2d2|&quot;A&quot;e2c3d|e4f2|e3d(c2|&quot;G&quot;c2)d2&quot;F#&quot;c2|&quot;Bm&quot;(B6|B2)a2g2|
10: &quot;Bm&quot;f3e de|f2e2d2|&quot;A&quot;e2c3d|e4f2|e3d(c2|&quot;G&quot;c2)d2&quot;F#&quot;c2|&quot;Bm&quot;(B6|1B2)d2e2:|2B6|
Expected W:(abcd...) (at char 45), (line:7, col:1)
Saved: I'll Buy Boots For Maggie (1169)
Saved: Crosses Of Annagh, The (1170)
Saved: Peter Street (1171)
Saved: Quindaro, The (1172)
Saved: Jim Conroy's (1173)
Saved: King Of The Clans (1174)
Saved: Donald Blue (1175)
Saved: Miss Bennet's (1176)
Saved: Maud Millar (1177)
Saved: Sheehan's (1178)
Saved: Paddy O'Snap's (1179)
Saved: Crowley's (1180)
Saved: Glasgow City Police Pipers (1181)
Saved: Batchelder's (1182)
Saved: Cabin Hunter, The (1183)
Saved: Repeal The Poll Tax (1184)
Saved: Monk's, The (1185)
Saved: Elsie Marley (1186)
Saved: Little Burnt Potato (1187)
Saved: Shirley's (1188)
Saved: Rory O'More (1189)
Saved: Pearl Wedding, The (1190)
Saved: Speed The Plow (1191)
Saved: Tich's (1192)
Saved: La Ronfleuse Gobeil (1193)
Saved: Lads Of Alnwick, The (1194)
Saved: La Grondeuse (1195)
Saved: Sir Roger De Coverly (1196)
Saved: Boy On The Mountain Top, The (1197)
Saved: Anthony Frawley's (1198)
Saved: Lock The Door (1199)
Saved: Shandon Bells (1200)
Saved: Portpatrick (1201)
Saved: Female Rake, The (1203)
Saved: Custy's (1204)
Saved: Mist In The Meadow, The (1205)
Saved: Cattle In The Crops (1206)
Saved: New Rigged Ship, The (1207)
Saved: Rusty Gulley, The (1208)
Saved: Colonel Fraser's (1209)
Saved: Starry Night For A Ramble (1210)
Saved: Berwick Billy (1211)
Saved: Croen A Ddafad Felan (1212)
Saved: Girl Of The House, The (1214)
Saved: Rock Valley (1215)
Saved: Strike The Gay Harp (1216)
Saved: Green Brechans O' Branton, The (1217)
Saved: Cock O' The North (1218)
Saved: Eileen O'Callaghan's (1219)
Saved: Will You Come Home With Me? (1220)
Saved: Kitty O'Shea's (1221)
Saved: Snowy Monday (1222)
Saved: Miss Nancy Fowler (1223)
Saved: Larkin's Beehive (1224)
Saved: Lady On The Boat, The (1225)
Saved: Girls Of Grindavik, The (1226)
Saved: Sawdl Y Fuwch (1227)
Saved: Banana Feet (1228)
Saved: Bonnie Dundee (1229)
Saved: Merry Harriers, The (1230)
Saved: Fair-haired Lass, The (1231)
Saved: Hundred Pipers (1232)
Saved: Henry's (1233)
Saved: Mrs Galvin's (1234)
Saved: Wedding, The (1235)
Saved: Flying Pieman, The (1236)
Saved: Yellow Wattle, The (1237)
Saved: Farewell To The Bay (1238)
Saved: Riding On A Load Of Hay (1239)
Saved: Dog Leap Stairs (1240)
Saved: Felton Lonnen (1241)
Saved: Brown Jug (1242)
Saved: Boil The Kettle Early (1243)
Saved: Condon's Frolics (1244)
Saved: Allt-y-Caethiwed (1245)
Saved: Father Newman's (1246)
Saved: Piper On Horseback, The (1247)
Saved: Kenmure's Up And Awa' (1248)
Saved: Stage, The (1249)
Saved: Mrs Crehan's (1250)
Saved: Tolka, The (1251)
Saved: Jigging The Donkey (1252)
Saved: Random Notes (1254)
Saved: Piper's Chair, The (1255)
Saved: Kenmure Mansions (1256)
Saved: Ty A Gardd (1257)
Saved: Kinnegad Slashers, The (1258)
Saved: Little Fishie (1259)
Saved: Jack Broke Da Prison Door (1260)
Saved: Marquis Of Lorne, The (1261)
Saved: Fairies, The (1262)
Saved: Her Long Dark Hair Flowing Down Her Back (1263)
Saved: Boys Of The Town, The (1264)
Saved: Heathery Cruach, The (1265)
Saved: Sparrowhouse, The (1267)
Saved: Glory (1268)
Saved: Paganini's (1269)
Saved: Beauty Spot, The (1270)
Saved: Cut The File (1271)
Saved: College Groves, The (1272)
Saved: Navvy On The Shore, The (1273)
Saved: New Found Out, The (1274)
Saved: A.A. Cameron's (1275)
Saved: Irish, The (1276)
Saved: Lord Ramsey (1277)
Saved: Coast Of France, The (1279)
Saved: Quay Pit, The (1280)
Saved: Bill Harte's (1281)
Saved: Convelescent, The (1282)
Saved: Flowers Of Spring, The (1283)
Saved: Stay A Wee Bit Bonny Lad (1284)
Saved: Staten Island (1285)
Saved: Rob Roy (1286)
Saved: Battle Of Yellow Ford, The (1287)
Saved: Abbeyleix (1288)
Saved: Mama's Pet (1290)
Saved: Hector The Hero (1292)
Saved: Exile Of Erin, The (1293)
Saved: Across The Fence (1294)
Saved: Larry Reynolds' (1295)
Saved: Old French, The (1296)
Saved: Gan Ainm (1297)
Saved: Jimmy's Return (1299)
Saved: Reel De L'aveugle (1300)
Saved: Trip To Athlone, The (1301)
Saved: Tommy Peoples' (1302)
Saved: Paddy's Trip To Scotland (1303)
Saved: Doctor O'Neill (1304)
Saved: Bush On The Hill, The (1305)
Saved: Eighth Of January (1306)
Saved: Lucy Farr's (1307)
Saved: After The Battle Of Aughrim (1308)
Saved: Dorrus Mill (1309)
Saved: Morpeth Rant, The (1310)
Saved: Jackson's (1311)
Saved: Irish Waterman, The (1312)
Saved: Shepherd's Daughter, The (1313)
Saved: An Traigh Mughdhorna (1314)
Saved: Alister McAlister (1315)
Saved: Maggie's Pancakes (1316)
Saved: Daniel Of The Sun (1317)
Saved: Lough Mountain (1318)
Saved: Meeting In The Park (1319)
Saved: Iniscealtra (1321)
Saved: Y Dynwr (1322)
Saved: Tommy Peoples' (1323)
Saved: Nicholas McAuliffe's (1324)
Saved: Dans Plinn Of The Tune Police (1325)
Saved: Exile's Jig, The (1327)
Saved: Sean McGlynn's (1328)
Saved: Halting March, The (1330)
Saved: Phroinsias' (1332)
Saved: Twelve Pins, The (1333)
Saved: Luck Penny, The (1334)
Saved: Bunch Of Green Rushes, The (1335)
Saved: Autumn Child (1336)
Saved: Milltimber (1337)
Saved: Dennis Doody's (1338)
Saved: Mullinavat (1339)
Saved: Boys Of Ballisodare, The (1340)
Saved: Sailing Into Walpole's Marsh (1341)
Saved: Peeler's Jacket, The (1343)
Saved: Reel De Montreal (1346)
Saved: Jenny's Wedding (1347)
Saved: Boys Of Ballinahinch, The (1348)
Saved: Callaghan's (1349)
Saved: Women Of The Sidhe (1350)
Saved: Gold Ring, The (1351)
Saved: Across The Hill (1353)
Saved: Boys Of Ballysodare, The (1354)
Saved: Gan Ainm (1355)
Saved: Soldier's Joy (1356)
Saved: Jenny Picking Cockles (1357)
Saved: Bird's Nest, The (1358)
Saved: Old Hag, You Have Killed Me (1359)
Saved: McGoldrick's (1360)
Saved: Daly's (1361)
Saved: Sunshine, The (1362)
Saved: Thirty Bottle Hughie (1363)
Saved: Dionne (1364)
Saved: Blackberry Blossom, The (1365)
Saved: Crib Of Perches, The (1366)
Saved: Ger The Rigger (1367)
Saved: Little Cascade, The (1368)
Saved: Gallowglass, The (1369)
Saved: Bean An Ti Ar Lar (1370)
Saved: Gold Ring, The (1371)
Saved: Gary Owen's (1372)
Saved: Cucanandy (1374)
Saved: Jennie's Frolics (1375)
Saved: If We Hadn't Any Women In The World (1376)
Saved: My Pretty Fair Maid (1377)
Saved: Always Welcome (1378)
Saved: Da Lerwick Lasses (1381)
Saved: Blind Mary (1382)
Saved: Gan Ainm (1383)
Saved: Wedding O' Blyth, The (1384)
Saved: Duke Of Leinster, The (1385)
Saved: Red Box, The (1386)
Saved: Money Musk (1387)
Saved: Leg Of The Duck, The (1388)
Saved: Cliffs Of Moher, The (1390)
Saved: Finbar Dwyer's (1391)
Saved: Linnane's (1392)
Saved: Night We Had The Goats, The (1393)
Saved: Four Province Fling, The (1394)
Saved: Frog In The Well, The (1395)
Saved: Graemsay (1396)
Saved: Miss McGuinness (1397)
Saved: Star Above The Garter, The (1398)
Saved: Sleeping Pilgrim, The (1399)
Saved: Captain Byng (1400)
Saved: Paddy Fahy's (1402)
Saved: Bill McEvoy's (1403)
Saved: Willie Jamieson's Delight (1404)
Saved: Jimmy O'Reilly's (1406)
Saved: Connie The Sailor (1407)
Saved: Trumpet, The (1408)
Saved: Milliner's Daughter, The (1409)
Saved: Ballydesmond, The (1410)
Saved: Jennie Rocking The Cradle (1411)
Saved: Touching Cloth (1413)
Saved: Brosna (1414)
Saved: Farewell To Glasgow (1415)
Saved: Sitting On The Throne (1416)
Saved: Flowers Of Brooklyn, The (1417)
Saved: Session-Widow's Lament, The (1419)
Saved: Laington's (1420)
Saved: Carolan's Draught (1421)
Saved: Glassdrummond (1422)
Saved: Broken Pledge, The (1423)
Saved: Long Note, The (1424)
Saved: Sword In The Hand, The (1425)
Saved: Downey's (1426)
Saved: Farewell Marian (1427)
Saved: Humours Of Ballyconnell, The (1428)
Saved: Barney Brannigan (1429)
Saved: Cat That Ate The Candle, The (1430)
Failed to parse ABC data for id 1431:
 0: X: 1
 1: T: Stack Of Bacon, The
 2: M: 4/4
 3: L: 1/8
 4: R: hornpipe
 5: K: Gmix
 6: P:A
 7: GA|Bd BG AB AF|GA GF D2 DE|FE FG AG AB|cB cd c2 A2|Bd BG AB AF|!
 8: GA GF D2 DE|FE FG AF Ac|1 (3Bcd (3cBA G4 :|2 (3Bcd e^c d2 dA:|!
 9: P:B
10: de fg a2 af|af bf a2 f2|de fg a2 af|(3agf (3gfe d2 dA|!
11: |1 de fg a2 af|af bf a2 f2|de fg a2 ae|(3fga (3gfe d2 dA:|!
12: |2 de d^c A2 AF|GA GF D2 DE|FE FG AF Ac|(3Bcd (3cBA G4:|!
Expected W:(abcd...) (at char 62), (line:7, col:1)
Saved: Noisy Curlew, The (1432)
Saved: Castletown Connors (1433)
Saved: Rambling Rake, The (1434)
Saved: North Brig O' Edinburgh, The (1435)
Saved: Boys Of Portaferry, The (1436)
Saved: Ballintore Fancy, The (1437)
Saved: Caddam Woods (1438)
Saved: Old Black Guard, The (1439)
Saved: Sporting Days Of Easter, The (1440)
Saved: Dawning Of The Day, The (1441)
Saved: Edward Corcoran (1442)
Saved: O'Connell's Trip To Parliament (1443)
Saved: Road To Savona, The (1444)
Saved: Stormy Scenes Of Winter, The (1445)
Saved: Eel In The Sink, The (1446)
Saved: Whelan's (1447)
Saved: Crossroads, The (1448)
Saved: Rattigan's (1449)
Saved: Towards An Ecovillage (1450)
Saved: Falcon, The (1451)
Saved: Lieutenant Maguire's (1452)
Saved: Sunny Banks, The (1453)
Saved: Wallop The Potlid (1454)
Saved: Little Johnnie's Hame (1455)
Saved: Kas Ha Barh (1456)
Saved: Flying Under The Bridge (1457)
Saved: Dove On The Gate, The (1458)
Saved: Sweeney's Dream (1459)
Saved: Jonny's Funky Fiddle (1460)
Saved: It's A Hard Road To Travel (1461)
Saved: Hare's Paw, The (1462)
Saved: Saratoga (1463)
Saved: From Galway To Dublin (1464)
Saved: Up Downey, The (1465)
Saved: John McFadden's Favourite (1466)
Saved: Comely Maiden, The (1467)
Saved: Planxty Hewlett (1468)
Saved: Piper In The Meadow Straying, The (1469)
Saved: Jockey Lay Up In The Hay Loft (1470)
Saved: Statia Donnelly (1471)
Saved: Mulhaire's (1473)
Saved: Concert, The (1474)
Saved: Edge Lane (1475)
Saved: A Tune For The Clan (1476)
Saved: Jenny Pippin (1477)
Saved: Liz Carroll's (1479)
Saved: Old Time Wedding, The (1480)
Saved: Anniversary, The (1481)
Saved: Star And The Green Stone, The (1483)
Saved: Tail Toddle, The (1484)
Saved: Alan McCartney's (1485)
Saved: Seamus (1486)
Saved: Caracena (1487)
Saved: Lobster In The Shack, The (1488)
Saved: Arnie's (1489)
Saved: WestCoaster, The (1490)
Saved: Johnny McIljohn's (1491)
Saved: James Kelly's (1492)
Saved: Carolan's Receipt (1493)
Saved: Belle Jigue (1494)
Saved: Flautist Fluter, The (1495)
Saved: Down The Back Lane (1496)
Saved: Donegal Lass, The (1497)
Saved: Aughacashel, The (1498)
Saved: Old Bush, The (1499)
Saved: Liverpool, The (1500)
Saved: Morpeth Lasses, The (1501)
Saved: Sir James's March (1502)
Saved: Yellow Glove, The (1503)
Saved: Mountain Pathway, The (1504)
Saved: Hovering Dewdrop, The (1505)
Saved: Paddy Be Easy (1506)
Saved: Murroe, The (1508)
Saved: Strawberry Blossom, The (1509)
Saved: Jackson's Morning Breeze (1510)
Saved: Meelick Team, The (1511)
Saved: New Old, The (1512)
Saved: Im Bo 'gus Um Bo (1513)
Saved: Hughie Travers' (1514)
Saved: Tournmore, The (1515)
Saved: Planxty M (1516)
Failed to parse ABC data for id 1517:
 0: X: 1
Saved: Road To Tralee, The (1519)
Saved: Holey Ha'penny, The (1521)
Saved: Enchanted Lady, The (1522)
Saved: Culfadda, The (1523)
Saved: Donkey Riding (1524)
Saved: Ye Jacobites (1525)
Saved: Blacksmith, The (1526)
Saved: O'Keeffe's (1527)
Saved: Goat On The Hill, The (1528)
Saved: Farewell To Whisky (1529)
Saved: Jim Keeffe's (1531)
Saved: Jessica's (1532)
Saved: Porthole Of The Kelp, The (1533)
Saved: Dark Girl Dressed In Blue (1534)
Saved: Cuil Aodha, The (1535)
Saved: Baby Rory's (1536)
Saved: Two Steps Up (1537)
Saved: Deirdre's Fancy (1538)
Saved: Castleblaney Piper, The (1539)
Saved: Throw Away The Keys (1540)
Saved: Tom Ash's March (1541)
Saved: Mrs. Judge (1542)
Saved: Long Bow, The (1543)
Saved: Dermot Byrne's (1544)
Saved: German Beau, The (1545)
Saved: Major Konstant's (1546)
Saved: My Sweetheart Jane (1547)
Saved: Arianna's Tower (1548)
Saved: Sweeney's (1549)
Saved: Humours Of Derrycrossane, The (1550)
Saved: Mrs. Judge (1551)
Saved: Lucy Campbell's (1552)
Saved: Ten Pound Float, The (1553)
Saved: Yellow Tinker, The (1554)
Saved: Drunken Tinker, The (1555)
Saved: Miss Sarah Drummond Of Perth (1556)
Saved: Captain Campbell (1557)
Saved: Triton's Trident (1558)
Saved: Spancil Hill (1559)
Saved: Memories Of Ballymote (1560)
Saved: And So To Ennis (1561)
Saved: Bonny Anne (1562)
Saved: Botany Bay (1563)
Saved: Gurteen Cross (1564)
Saved: Mother And Child, The (1565)
Saved: Holly Bush, The (1566)
Saved: Queen Of Mayo, The (1568)
Saved: Tongs By The Fire, The (1569)
Saved: Con Cassidy's (1570)
Saved: Your Mother's Little Pet (1571)
Saved: Donald MacLennan's Tuning Phrase (1572)
Saved: Hut In The Bog, The (1573)
Saved: Boogie, The (1574)
Saved: My Dungannon Sweetheart (1575)
Saved: Ryan's (1576)
Saved: Johnny McIljohn's (1577)
Saved: Lark In The Morning, The (1578)
Saved: Boy In The Gap, The (1579)
Saved: Lark's March (1580)
Saved: McFadden's Handsome Daughter (1581)
Saved: Three Sisters, The (1582)
Saved: Follow Me Up To Carlow (1583)
Saved: Beehive (1584)
Saved: Hole In The Boat, The (1585)
Saved: Stagshaw Bank Fair (1586)
Saved: Don't Shoot The Flautist (1587)
Failed to parse ABC data for id 1588:
 0: X: 1
 1: T: Rowan Tree, The
 2: M: 4/4
 3: L: 1/8
 4: R: reel
 5: K: Dmaj
 6: u(DE) | &quot;D&quot;F3FF2E2 | &quot;D&quot;(FA3)&quot;D7&quot;A2d2 | &quot;G&quot;B3AB2d2 | &quot;G&quot;B2A4 &quot;A7&quot;(DE)| &quot;D&quot;F3F&quot;A7&quot;F2E2 |
 7: &quot;D7&quot;(FA3)&quot;G&quot;(B3A) | &quot;D&quot;A2F2 &quot;A7&quot;(E3D) | &quot;D&quot;D6 A2u | &quot;D&quot;A2d2&quot;Bm&quot;d3c | &quot;G&quot;(c2B2) (B2d2) |
 8: &quot;D&quot;A3A &quot;Bm&quot;(BA)(GF) | &quot;E7&quot;(F2E4) &quot;A7&quot;(DE) | &quot;D&quot;F3F&quot;A7&quot;F2E2 | &quot;D7&quot;(FA3) &quot;G&quot;(B3A) |
 9: &quot;D&quot;A2F2&quot;A7&quot;E3D | &quot;Bm&quot;D6 &quot;E7&quot;(DE) | &quot;D&quot;F4&quot;A&quot;E4 | &quot;D&quot;D6 ||
Expected W:(abcd...) (at char 54), (line:7, col:1)
Saved: Song Of The Kelpie (1589)
Saved: Sweet Jenny Jones (1590)
Saved: Union, The (1591)
Saved: Paddy Works On The Railway (1592)
Saved: Mick O'Connor's (1593)
Saved: As I Roved Out (1594)
Saved: Old Pigeon On The Gate, The (1596)
Saved: Diamond Mountain, The (1597)
Saved: Greensleeves (1598)
Saved: An TSeanbhean Bhocht (1599)
Saved: Humours Of Lisheen, The (1600)
Saved: Teermaclane Fancy, The (1601)
Saved: Terms Cash (1602)
Saved: Mrs Kenny's (1603)
Saved: Kelsey's Wee (1604)
Saved: Job Of Journeywork, The (1605)
Saved: St. Kilda Wedding (1606)
Saved: City Of Savannah (1607)
Saved: Roving Bachelor, The (1608)
Saved: Planxty George Brabazon (1609)
Saved: Jackson's (1610)
Saved: Da Scallowa Lasses (1611)
Saved: Mo Ghile Mear (1612)
Saved: Danny Meehan's (1613)
Saved: Sergeant Cahill (1614)
Saved: Kerry Fling (1615)
Saved: Four Province Fling, The (1616)
Saved: Coalminer's, The (1617)
Saved: Humours Of Castlecomer, The (1618)
Saved: Limestone Rock, The (1619)
Saved: Jack Of All Trades (1620)
Saved: Donegal, The (1621)
Saved: Molly From Longford (1622)
Saved: Doodely Doodely Dank (1624)
Saved: Lucky In Love (1625)
Saved: Drink The Rest And Hide The Bottle (1626)
Saved: Four Provinces Fling, The (1627)
Saved: Thadelo's (1629)
Saved: Tombigbee (1630)
Saved: Anderson's (1631)
Saved: Master's Return (1632)
Saved: Rosses Highlands, The (1633)
Saved: Lark In The Strand, The (1634)
Saved: Uncle Rat (1635)
Saved: An Comhra Donn (1636)
Saved: Molly Ban (1637)
Saved: Tatter Jack Walsh (1638)
Saved: Four Provinces Fling, The (1639)
Saved: Siege Of Ennis, The (1640)
Saved: Slip Into Something Comfortable (1641)
Saved: Wishing Well, The (1642)
Saved: Johnny Loughran's (1643)
Saved: Cloone, The (1644)
Saved: Dancer's Favourite, The (1645)
Saved: Merry Girl, The (1646)
Saved: Kitty Goes A-Milking (1647)
Saved: Hungry Rock, The (1648)
Saved: Joe Banes Scotische (1649)
Saved: Lord Seaforth (1650)
Saved: Sergeant Early's Dream (1651)
Saved: Wheels Of The World, The (1652)
Saved: Bring Back The Child (1653)
Saved: Hartigan's Leaving (1654)
Saved: Dave White's (1655)
Saved: Miss Maria Stewart (1656)
Saved: Mullingar Lea, The (1657)
Saved: Cullane, The (1658)
Saved: Marino, The (1659)
Saved: O'Connor Donn's (1660)
Saved: Shave The Monkey (1661)
Saved: Contentment Is Wealth (1662)
Saved: Johnston's (1663)
Saved: Hanly's (1664)
Saved: Jackson's (1665)
Saved: Emma's (1666)
Saved: Dinny O'Brien's (1667)
Saved: An Suisin Ban (1668)
Saved: John McKenna's (1669)
Saved: Cocktail, The (1670)
Saved: Biddy From Sligo (1672)
Saved: Border (1673)
Saved: Is Bridget Mary? (1675)
Saved: Edenderry, The (1676)
Saved: Road To Durham, The (1677)
Saved: Margaret's (1678)
Saved: Portobello (1679)
Saved: My Love In The Morning (1680)
Saved: Eastern (1681)
Saved: Long Note, The (1682)
Saved: Nine Pint Coggie, The (1683)
Saved: Paddy Mills' Fancy (1684)
Saved: Mairead Of The Mourne Mountains (1685)
Saved: Worn Torn Petticoat, The (1686)
Saved: Walsh's Fancy (1687)
Saved: Islay Rant (1688)
Saved: Humours Of Lewisham, The (1689)
Saved: Preston's (1690)
Saved: He's Almost Dead (1692)
Saved: Bill The Weaver's (1693)
Saved: Leaving The Ferry (1695)
Saved: Ronnel's (1696)
Saved: Smell The Rain (1697)
Saved: Paddy Doory's (1698)
Saved: Galway Piper, The (1699)
Saved: Five Points, The (1700)
Saved: Walter Sammon's Grandmother (1701)
Saved: Old, The (1702)
Saved: That's Right Too (1703)
Saved: Shakin' O' The Pocky (1705)
Saved: Coleman's Cross (1706)
Saved: Key Of The Convent, The (1707)
Saved: Now She's Purring (1708)
Saved: Road To Skye, The (1709)
Saved: Commodore, The (1710)
Saved: Kay Girroir (1711)
Saved: Hairpin Bend, The (1712)
Saved: Not Far From Home (1713)
Saved: Michael Gorman's (1714)
Saved: Two And Six Penny Girl, The (1715)
Saved: Jim Seery's (1716)
Saved: Four Posts Of The Bed, The (1718)
Saved: Where Lilies Bloom (1719)
Saved: Witches, The (1720)
Saved: Godfather's, The (1721)
Saved: Green Gates, The (1722)
Saved: Killavil, The (1723)
Saved: Joe Madden's (1724)
Saved: Kishor's Tune (1725)
Saved: New Broom, The (1726)
Saved: Noon Lassies, The (1729)
Saved: Humours Of Carrigaholt, The (1730)
Saved: Doon, The (1731)
Saved: Old Joe's (1732)
Saved: Farewell To Gurteen (1733)
Saved: Popcorn Behaviour (1735)
Saved: Hare In The Corn, The (1736)
Saved: Off In The Morning (1737)
Saved: Colleen's Delight (1738)
Saved: Walking The Floor (1739)
Saved: McGurk's (1740)
Saved: Kathleen Marie (1742)
Saved: Gladstone (1744)
Saved: Leap Of Faith, The (1745)
Saved: Devil In The Kitchen, The (1746)
Saved: Snug In The Blanket (1747)
Saved: Humours Of Scarriff, The (1748)
Saved: Bog An Lochan (1749)
Saved: Lilies In The Field, The (1750)
Saved: Cork Hill (1751)
Saved: South Shore, The (1752)
Saved: Great Tune The World Was Waiting For, The (1753)
Saved: Jolly Tinker, The (1754)
Saved: Mathematician, The (1755)
Saved: Chloe's Passion (1756)
Saved: Rattlin' Roarin' Willie (1757)
Saved: Pretty Girl Milking Her Cow, The (1758)
Saved: Glentaun, The (1759)
Saved: Curragh Races, The (1760)
Saved: Sporting Pitchfork, The (1761)
Saved: Stirling Castle (1762)
Saved: Toss The Fiddles (1763)
Saved: Scartaglen, The (1764)
Saved: Priest, The (1765)
Saved: Tansey's Fancy (1766)
Saved: Humours Of Loughrea, The (1767)
Saved: Plough And The Stars, The (1768)
Saved: Wissahickon Drive (1769)
Saved: Donegal Tinker, The (1770)
Saved: Birmingham, The (1771)
Saved: An Buachaillin Dreoite (1772)
Saved: Hennigan's (1773)
Saved: Lord Gordon's (1774)
Saved: Cat And The Mountain Squirrel, The (1775)
Saved: Four Kisses, The (1776)
Saved: Showman's Fancy, The (1777)
Saved: Denis Murphy's (1778)
Saved: Mike Coen's (1779)
Saved: Merry Maiden, The (1780)
Saved: Sporting Nell (1781)
Saved: Jeannie Shook Da Bairn (1782)
Saved: Pretty Peg (1783)
Saved: Sligo, The (1784)
Saved: Finnegan's Wake (1785)
Saved: Horse Keane's (1786)
Saved: Trip To Birmingham, The (1787)
Saved: Lough Gill (1788)
Saved: If I Get A Bonnie Lass (1789)
Saved: Scully Casey's (1790)
Saved: This Is My Love, Do You Like Her? (1791)
Saved: Lass O'Gowrie (1792)
Saved: With Ourselves (1793)
Saved: Hen's March, The (1794)
Saved: Michael Hynes's (1795)
Saved: Memories Of Father Angus MacDonnell (1796)
Saved: Marie's Wedding (1797)
Saved: Weaver's Daughter, The (1800)
Saved: Sarsfield's (1801)
Saved: Harp And The Shamrock, The (1802)
Saved: Overtone, The (1803)
Saved: Banks Of The Tar, The (1804)
Saved: Pay The Reckoning (1805)
Saved: Hollow Rock, The (1806)
Saved: Rainy Day, The (1807)
Saved: A Kerry (1808)
Saved: Atlantic (1809)
Saved: Bus Stop, The (1810)
Failed to parse ABC data for id 1811:
 0: X: 1
Saved: Jerusalem Ridge (1812)
Saved: Silver, The (1813)
Failed to parse ABC data for id 1814:
 0: X: 1
 1: T: Brolum
 2: M: 4/4
 3: L: 1/8
 4: R: reel
 5: K: Amaj
 6: uf|e2 (ce) fefa|A2 (cB) ceef|e2 (ce) fefa|B2 (ce) fBBf|!
 7: e2 (ce) fefa|A2 (cB) ceef|ecae f2 (ec)|B2 (cB) AA A:|!
 8: e|A2 (cA) eAcA|A2 (cB) ceef|A2 (cA) eAcA|B2 (ce) fBBe|!
 9: A2 (cA) eAcA|A2 (cB) ceef|ecae f2 (ec)|B2 (cB) AA A:|!
10: e|a2 (af) e2 (ce)|A2 (cB) ceef|a2 (af) e2 (ce)|B2 (ce) fBBe|!
11: a2 (af) e2 (ce)|A2 (cB) ceef|ecae f2 (ec)|B2 (cB) AA A:|!
12: e|AAAc AAAc|A2 (cB) ceef|AAAc AAAc| B2 (ce) fBBe|!
13: AAAc AAAc|A2 (cB) ceef|ecae f2 (ec)|B2 (cB) AA A:||
Expected W:(abcd...) (at char 45), (line:7, col:1)
Saved: Coolin, The (1815)
Saved: John Stenson's (1817)
Saved: Biddy Martin's (1818)
Saved: Bank Of Turf, The (1819)
Saved: Tom Sullivan's (1820)
Saved: Ebb Tide, The (1821)
Failed to parse ABC data for id 1822:
 0: X: 1
 1: T: Knights Of Saint Patrick, The
 2: M: 6/8
 3: L: 1/8
 4: R: jig
 5: K: Dmaj
 6: &quot;D&quot;dcd faf| dcd AFD| &quot;G&quot;GBG FAF| &quot;A&quot;EFG ABc|
 7: &quot;D&quot;d3 faf| dcd AFD| &quot;G&quot;GBG &quot;D&quot;FAF |1 &quot;A&quot;EDE D2A :|2 &quot;A&quot;EDE D2f |]
 8: &quot;D&quot;aga fdf| aba agf| &quot;A&quot;g3 gec| Ace gfe|
 9: &quot;D&quot;aga fdf| aba afg| afd &quot;Em&quot;bge| &quot;A&quot;edc &quot;D&quot;d2f|
10: &quot;D&quot;aga fdf| aba agf| &quot;A&quot;g3 gec| Ace gfe|
11: &quot;D&quot;d3 &quot;Em&quot;ede| &quot;F#m&quot;fef &quot;G&quot;gfg| &quot;D&quot;afd &quot;Em&quot;bge| &quot;D&quot;dAF D2 &quot;(A)&quot;A |]
Expected W:(abcd...) (at char 67), (line:7, col:1)
Saved: Cat In The Hopper, The (1823)
Saved: Old Harvest Home, The (1824)
Saved: Din Tarrant's (1825)
Saved: Gan Ainm (1826)
Saved: Jig Runrig, The (1827)
Saved: Neil Gow's Wife (1828)
Saved: Canty Auld Man, The (1829)
Saved: Jeremy Is Coming (1830)
Saved: Maid On The Green, The (1831)
Saved: Shoemaker's Daughter, The (1832)
Saved: Mrs. Crowley's (1833)
Saved: Da Fields O' Foula (1834)
Saved: Miko Russel's (1835)
Saved: Eagle's Whistle, The (1837)
Saved: Dans Loudieg (1838)
Saved: Tickle Her Leg With The Barley Straw (1839)
Saved: An Tri Is A Rian (1840)
Saved: O'Keefe's (1841)
Saved: Over The Edge (1842)
Saved: Kitty's Rambles (1843)
Saved: Padraig O'Keefe's (1844)
Saved: Trounsdell's Cross (1845)
Saved: Mossy Banks, The (1846)
Saved: Kate Elliot's (1847)
Saved: Boar's Head, The (1848)
Saved: Baltimore Salute, The (1849)
Saved: Pretty Girl, The (1850)
Saved: Luradan's (1851)
Saved: Castle Ceili's (1852)
Saved: Bonnie Woodside (1853)
Saved: Gillan's Apples (1854)
Saved: Gillan's Apples (1855)
Saved: Clancy's (1856)
Saved: Seven Stars, The (1857)
Saved: Mountains Of Mourne, The (1858)
Saved: Tana (1859)
Saved: Spent Money, The (1860)
Saved: Holm Band Tune, The (1861)
Saved: Windy Lake, The (1862)
Saved: Da Slockit Light (1863)
Saved: Con McGinley's (1865)
Saved: Coridinio (1866)
Saved: Earl Of Dalhousie's Happy Return To Scotland, The (1867)
Saved: Nightingale, The (1868)
Saved: Seamen's Club, The (1869)
Saved: Egan's (1870)
Saved: Burren, The (1871)
Saved: Billy Brocker's (1872)
Saved: Willie Hunter's Compliments To Dan R. MacDonald (1873)
Saved: Leaving Lerwick Harbour (1874)
Saved: Kenny Gilles Of Portnalong (1875)
Saved: Maggie Cameron (1876)
Saved: Nonesuch (1877)
Saved: Aggie Whyte's (1878)
Saved: Geoghan's (1879)
Saved: Junior Crehan's (1880)
Saved: Michael Dwyer's Favourite (1881)
Saved: Kohler's (1882)
Saved: Bryn's (1883)
Saved: Painted Crows (1884)
Saved: A Tune For Frankie (1885)
Saved: Adam (1886)
Saved: Old Wheels Of The World, The (1887)
Saved: Behind The Bush In The Garden (1888)
Saved: Michael Coleman's (1889)
Saved: Mrs. Judge (1890)
Saved: Flying Tiger, The (1891)
Saved: Niel Gow's Lament For His Second Wife (1892)
Saved: Foghorn (1893)
Saved: Hanley's Tweed (1894)
Saved: Maloney's Wife (1895)
Saved: Connemara, The (1897)
Saved: Rachamid A Bhean Bheag (1898)
Saved: Ladies' Fingers, The (1900)
Saved: Arra Mountains (1901)
Saved: Muireann's (1902)
Saved: Carew Cross (1904)
Saved: Gentle Dentist, The (1905)
Saved: Moonshiner, The (1906)
Saved: Barnacle, The (1908)
Saved: Baker's Dozen (1909)
Saved: Galloping Stallion, The (1910)
Saved: Cobbler, The (1911)
Saved: Centenary, The (1912)
Saved: McMahon's Fancy (1913)
Saved: Bill The Weaver (1914)
Saved: Eoin's Welcome (1915)
Saved: Captain Peacock's Favourite (1916)
Saved: Sweets Of May, The (1917)
Saved: A Punch In The Dark (1918)
Saved: Athol Brose (1919)
Saved: Eddie Duffy's (1920)
Saved: Boys Of Ballycastle, The (1921)
Saved: Have A Drink With Me (1922)
Saved: Over The Drumlins (1923)
Saved: Eddie Duffy's (1924)
Saved: Catholic Boy, The (1925)
Saved: Little Donald In The Pigsty (1926)
Saved: Loch Gamhna (1927)
Saved: Mooncoin, The (1928)
Saved: You Young And Carefree Lads (1929)
Saved: Pitnacree Ferrymen, The (1930)
Saved: Mad Turk, The (1931)
Saved: Mary McMahon (1934)
Saved: Mount Hills (1935)
Saved: Green Grow The Rushes (1936)
Saved: Get Up Old Woman And Shake Yourself (1937)
Saved: Streets Of Paradise, The (1938)
Saved: Boys On The Hilltop, The (1939)
Saved: Bhean Ch (1940)
Saved: Molloy's Favourite (1941)
Saved: George Peoples' (1942)
Saved: Fish In The Dull, The (1943)
Saved: Pretty Little Dog (1944)
Saved: Drummond Lasses, The (1945)
Saved: Dairy Maid, The (1946)
Saved: Camber Lasses, The (1947)
Saved: Fourth Floor, The (1948)
Saved: Maids Of Castlebar, The (1949)
Saved: Headlands, The (1950)
Saved: Tullochgorum (1951)
Saved: Eamonn Coyne's (1952)
Saved: Flying Dutchman, The (1953)
Saved: Pretty Girls Of Mayo, The (1954)
Saved: Dermot Byrne's (1955)
Saved: Rainbow Flag, The (1956)
Saved: Fiddler's Cramp (1957)
Saved: Bobby Gardner's (1958)
Saved: Belfast, The (1959)
Saved: Bog Carrot, The (1960)
Saved: Lady Forbes (1961)
Saved: Elaine Jefferys' (1962)
Saved: McDonagh's (1963)
Saved: Pat Ward's (1964)
Saved: Janet Geater (1965)
Saved: Mountain Top, The (1966)
Saved: Farewell To The Troubles Of The World (1967)
Saved: Little Fair Cannavans, The (1968)
Saved: Joe Murphy's Return From Chicago (1969)
Saved: Mhari McLean's (1970)
Saved: Gan Ainm (1971)
Saved: J.B., The (1972)
Saved: Sorefingers' Rant (1973)
Saved: I Have No Money (1974)
Saved: Dub, The (1975)
Saved: Martin Wilson's (1976)
Saved: Reconciliation, The (1977)
Saved: Mimosas, The (1978)
Saved: Banjaxed (1979)
Saved: Dunphy's (1980)
Saved: Brendan McMahon's (1981)
Saved: Laughing Wolf, The (1982)
Saved: Philadelphia (1983)
Saved: Smeceno Horo (1984)
Saved: Factory Smoke, The (1985)
Saved: Tomeen O'Dea's (1986)
Saved: Thimble, The (1987)
Saved: Teampall An Gleant (1988)
Saved: Jenny Will You Marry Me? (1990)
Saved: Priest In His Boots, The (1991)
Saved: An Fathach Tireannach (1992)
Saved: Gaffney's Favourite Son (1993)
Saved: Cow That Ate The Blanket, The (1994)
Saved: Glamorganshire, The (1995)
Saved: Blackbird, The (1996)
Saved: Way Out Yonder (1997)
Saved: Mad (1998)
Saved: Concert, The (2000)
Saved: New Century, The (2001)
Saved: Mountain Madness (2002)
Saved: Her Golden Hair Was Hanging Down Her Back (2006)
Saved: Con Cassidy's (2007)
Saved: Long Walk Home, The (2008)
Saved: Nora Crionna (2009)
Saved: Rover Reformed, The (2010)
Saved: Humours Of Buckfast, The (2011)
Saved: Kitchenpiper, The (2012)
Saved: McDermott's (2013)
Saved: Troy's Wedding (2014)
Saved: Heart's A Wonder, The (2015)
Saved: Hart's (2016)
Saved: Sand In The Whistle, The (2017)
Saved: Jackson's Return From Dover (2018)
Saved: Omnibus, The (2019)
Saved: Eamonn McGivney's (2020)
Saved: Nell O'Sullivan's (2022)
Saved: Elmer Briand's (2023)
Saved: Gullane (2024)
Saved: Wandering Minstrel, The (2025)
Saved: Over The Bog Road (2026)
Saved: Bar The Door At Midnight (2027)
Saved: Old Man Quinn (2028)
Saved: Cameron's Got His Wife Again (2029)
Saved: John Kelly's (2030)
Saved: Champion, The (2031)
Saved: Bison, The (2032)
Saved: Jer Quigley's (2033)
Saved: Miser's Purse, The (2035)
Saved: Prince Charlie (2036)
Saved: Black Licorice (2037)
Saved: Grand Canal, The (2038)
Saved: Charlie Harris's (2039)
Saved: Midsummer's Night (2040)
Saved: Drummer, The (2041)
Saved: Dreary Plains Of Toil, The (2042)
Saved: Gary's Couch (2043)
Saved: Lord Kingarth (2044)
Saved: Four Provinces Fling, The (2045)
Saved: Old Mother Flanagan (2046)
Saved: Mortgage Burn, The (2047)
Saved: Long Haul, The (2048)
Saved: Tight Squeeze, The (2049)
Saved: Ladies Pantalettes, The (2050)
Saved: Whistle Ower The Lave O't (2051)
Saved: Gruncharsko Horo (2052)
Saved: Pat McKenna's (2053)
Saved: Ruth's (2054)
Saved: Dwyer's Favourite (2055)
Saved: Nay Nay's (2056)
Saved: A Fair Wind (2057)
Saved: New School Year (2058)
Saved: Sommarvals (2059)
Saved: Morning Lark, The (2060)
Saved: Joe Cooley's Delight (2061)
Saved: Chicken That Made The Soup, The (2062)
Saved: Herve's (2063)
Saved: Honeymoon (2064)
Saved: Callan Lasses, The (2065)
Saved: Great Grass Sea, The (2066)
Saved: Hut On Staffen Island, The (2067)
Saved: Old Blind Dog's (2068)
Saved: O'Sullivan's (2069)
Saved: Kilfrush, The (2070)
Saved: Crack In The Flute, The (2072)
Failed to parse ABC data for id 2073:
 0: X: 1
 1: T: Devil In The Strawstack, The
 2: M: 4/4
 3: L: 1/8
 4: R: reel
 5: K: Gmaj
 6: &quot;Gm&quot;GFD(F GF)D(F|GF)DF &quot;F&quot;C4|&quot;Gm&quot;GFDF G2 d2-|&quot;Dm&quot;dcA(c dc)Ac|!
 7: &quot;Gm&quot;GFD(F GF)D(F|GF)DF &quot;F&quot;C4|&quot;Gm&quot;GFDF G2 d2-|&quot;Dm&quot;dcA2 &quot;Gm&quot;G4:|]!
 8: &quot;Gm&quot;d2g2g4|gagf d4|&quot;F&quot;fAgA fAgf|&quot;Dm&quot;dcAc d4|!
 9: &quot;Gm&quot;d2g2g4|gagf d4|&quot;F&quot;fAgA fAgf|&quot;Dm&quot;dcA2 &quot;Gm&quot;G4:|]!
Expected W:(abcd...) (at char 67), (line:7, col:1)
Saved: Are You Willing? (2074)
Saved: Catching Rabbits (2075)
Saved: Charlie McKerron's (2076)
Saved: Newark Bay (2077)
Saved: Horse In The Houseboat, The (2078)
Saved: Frost And Snow (2079)
Saved: Bonaparte's Retreat (2080)
Saved: Gavotte (2081)
Saved: Chanter's Song (2082)
Saved: Sonny's Return (2083)
Saved: Just Cruzing (2084)
Saved: Jackie Daly's (2085)
Saved: Branle, The (2086)
Saved: Gort Na Mona (2087)
Saved: Miss Langford's (2088)
Saved: Ringing Harp, The (2089)
Saved: Frog Rock (2090)
Saved: Orange And Blue, The (2091)
Saved: Leon's (2092)
Saved: Con Cassidy's Highland (2093)
Saved: Cat In The Fiddle Case, The (2094)
Saved: Shanks Mare (2095)
Saved: Chicago, The (2096)
Saved: O'Connor's (2097)
Saved: Boys Of Belfast, The (2098)
Saved: Cros An Lomanaigh (2099)
Saved: Gregory Greene's (2100)
Saved: Little Hills Of Offaly, The (2101)
Saved: Final Cut, The (2102)
Saved: Ninety-Eight March (2103)
Saved: Buddy's (2104)
Saved: Walsh's (2105)
Saved: Lancer's, The (2106)
Saved: Bulgarian Red (2107)
Saved: Ninety-Nine March (2108)
Saved: Jack Power's (2109)
Saved: Sea Of Clouds, The (2110)
Saved: Bohola (2111)
Failed to parse ABC data for id 2112:
 0: X: 1
 1: T: Patrick's
 2: M: 6/8
 3: L: 1/8
 4: R: jig
 5: K: Gmaj
 6: &quot;G&quot;gfg dBG|&quot;G&quot;gfg dBG|&quot;C&quot;cBc &quot;D&quot;AFD|&quot;C&quot;cBc &quot;D&quot;AFD|
 7: &quot;G&quot;gfg dBG|&quot;G&quot;gfg dBG|&quot;C&quot;edc cde|&quot;D&quot;fef &quot;G&quot;g3:|
 8: |:&quot;C&quot;edc edc|&quot;G&quot;dcB dcB|&quot;C&quot;edc ede|&quot;D&quot;fga &quot;G&quot;bgg:|
 9: |:&quot;G&quot;bab &quot;C&quot;c'2b|&quot;D&quot;aga &quot;G&quot;b2a|&quot;G&quot;gfg &quot;D&quot;a2g|&quot;D&quot;fef &quot;G&quot;g3:|
Expected W:(abcd...) (at char 47), (line:7, col:1)
Saved: Dripsey Polka, The (2113)
Saved: I'd Rather Be Married Than Left (2114)
Saved: Charlie Lennon's (2115)
Saved: St. Patrick Was A Gentleman (2116)
Saved: Crossing The Minch (2117)
Saved: Banks Of Allan, The (2118)
Saved: Replacement, The (2119)
Saved: John Doherty's (2120)
Saved: Andy's (2121)
Saved: Paddy O'Brien's (2122)
Saved: Drunken Piper, The (2123)
Saved: Handy With The Stick (2124)
Saved: Paddy Kelly's (2125)
Saved: Ebb Tide, The (2126)
Saved: Nelson, The (2127)
Saved: La Reel Des Acadiens (2128)
Saved: Musical Ego, The (2129)
Saved: John Kelly's (2130)
Saved: Muddy Waters, The (2131)
Saved: Tommy Peoples' (2132)
Saved: Captain White's (2134)
Saved: Locomotive And Railway Inn, The (2135)
Saved: Allistrum's March (2136)
Saved: Ymgyrchdon Y Waunlwyd (2137)
Saved: Tabby, The (2138)
Saved: Inis Sui (2139)
Saved: Anhysbys (2140)
Saved: Sliabh Na MBan (2141)
Saved: Policeman's Request, The (2142)
Saved: Tigh Rabhartaigh (2143)
Saved: Spoil The Dance (2144)
Saved: Glengarra Wood (2145)
Saved: Ffidl Ffadl (2146)
Saved: Donkey, The (2147)
Saved: Out On The Road (2148)
Saved: Smash The Windows (2149)
Saved: Han's (2150)
Saved: Thrush In The Morning, The (2151)
Saved: A Merry Christmas (2152)
Saved: Gwyngalch Morgannwg (2153)
Saved: Colliers', The (2154)
Saved: Ten Pound Fiddle, The (2155)
Saved: Father Kelly's (2156)
Saved: Hills Of Coore, The (2157)
Saved: Rat In The Oven, The (2158)
Saved: Patrick Kelly's (2160)
Saved: Paddy's Leather Breeches (2161)
Saved: Birnam Triangle, The (2162)
Saved: Lady Ellen (2163)
Saved: Over The Water To Bessie (2165)
Saved: Quilty, The (2166)
Saved: Maid Of Holywell, The (2167)
Saved: Sailor's, The (2168)
Saved: Pat Clark's (2169)
Failed to parse ABC data for id 2170:
 0: X: 1
Saved: Grass On The Path, The (2171)
Saved: Little Katie Taylor (2172)
Saved: Idir Deighric 'Gus Breo' (2173)
Saved: O'Connell's Welcome To Dublin (2174)
Saved: Bridie's Joy (2175)
Saved: Breton Wedding March, The (2176)
Saved: Around The Fairy Fort (2177)
Saved: Thanks Jerry (2178)
Saved: I'll Get Wedded In My Auld Claes (2179)
Saved: Drunken Gauger, The (2180)
Saved: McKeown's (2181)
Saved: Mealagh Valley, The (2182)
Saved: Home (2183)
Saved: Mealagh Valley, The (2184)
Saved: Hairy Dogleaf, The (2185)
Saved: Planxty Charles Coote (2186)
Saved: Cuigiu Lasses, The (2187)
Saved: Joe John Kelly's (2188)
Saved: Thompson's (2189)
Saved: To Limerick We Go (2190)
Saved: Wellington's Advance (2191)
Saved: Lansdowne Lass, The (2192)
Saved: Humours Of Bandon, The (2193)
Saved: Regent, The (2194)
Saved: Three Scones Of Boxty (2195)
Saved: Bald Bishop's, The (2196)
Saved: All Round The Room (2197)
Saved: Sunday Was My Wedding Day (2198)
Saved: Merry Thatcher, The (2199)
Saved: Old Man Dillon (2200)
Saved: Singing Blackbird, The (2201)
Saved: Maybe March, The (2202)
Saved: Da Brig (2203)
Saved: O'Sullivan's March (2204)
Saved: Miss Elspeth Campbell (2205)
Saved: Gweebarra Bridge (2206)
Saved: Shake A Leg (2207)
Saved: Presbyterian, The (2208)
Saved: John Watt Henry's (2209)
Saved: Conlon's (2210)
Saved: Once In A Blue Moose (2211)
Saved: John Naughton's (2212)
Saved: Castlebar Tramp, The (2213)
Saved: Paul Kinsella's (2214)
Saved: Handsome Sally (2215)
Saved: Sprig Of Shillelagh, The (2216)
Saved: Dan Sullivan's Father's (2217)
Saved: Bouncing (2218)
Saved: Waking Up In Wonderful Wark (2219)
Saved: John Rankin's (2220)
Saved: MacArthur Road (2221)
Saved: Second Star, The (2222)
Saved: Resting Chair, The (2223)
Saved: Stack Of Barley, The (2224)
Saved: Lovely Leitrim (2225)
Saved: Grand Spey, The (2226)
Saved: Coachman's Whip, The (2227)
Saved: Carolan's Dream (2228)
Saved: Belladrum House (2229)
Saved: Reel Around The Sun (2231)
Saved: Josephine Keegan's (2232)
Saved: Tomorrow Morning (2233)
Saved: Down The Tannoch Road (2235)
Saved: O'Neill's March (2236)
Saved: Ladies Of Carrick, The (2237)
Saved: Ostrich, The (2238)
Saved: Orange (2239)
Saved: Touch Of Gaelic (2240)
Saved: Milky Way, The (2241)
Saved: Tea Leaf, The (2242)
Saved: Gates Of Mullagh, The (2243)
Saved: Finbar Dwyer's (2244)
Saved: Twm Edwards (2245)
Saved: Ballinafad Fancy, The (2246)
Saved: Shannon, The (2247)
Saved: Fairhaired Boy, The (2248)
Saved: Sean Reid's (2249)
Saved: Tinker's Apron, The (2250)
Saved: Road To Ballymac, The (2251)
Saved: Owen Hackett's (2252)
Saved: Rowsome's (2253)
Saved: Hag At The Spinning Wheel, The (2254)
Saved: Gan Ainm (2255)
Saved: Mysteries Of Knock, The (2256)
Saved: Jockey At The Fair, The (2257)
Saved: Siney Crotty's (2258)
Saved: Legacy, The (2259)
Saved: Blue-Eyed Lass, The (2260)
Saved: High Level, The (2261)
Saved: Rags And Tatters (2262)
Saved: Linen Cap, The (2263)
Saved: Miss Thompson's (2264)
Saved: Out The Door And Over The Wall (2265)
Saved: Aaron's Key (2266)
Saved: Linden Rise (2267)
Saved: Cedars Of Lebanon, The (2268)
Saved: Westmeath Hunt, The (2269)
Saved: Cheese Whistle, The (2270)
Saved: Humours Of Castlefin, The (2271)
Saved: Up Sligo (2272)
Saved: London Lasses (2273)
Saved: Ivory, The (2274)
Saved: End Of The Day, The (2275)
Saved: Humours Of Old Knockamee, The (2276)
Saved: Rooms Of Dooagh, The (2277)
Saved: Four Courts, The (2278)
Saved: Potlick, The (2280)
Saved: Steeplechase, The (2281)
Saved: Jer O'Connell's (2282)
Saved: Breakout (2283)
Saved: Glen Road To Carrick, The (2285)
Saved: Leather Away The Wattle-O (2286)
Saved: Maire's (2287)
Saved: Ask My Father (2288)
Saved: Maghera Mountain (2289)
Saved: As Covas Do Rei Cintolo (2290)
Saved: Mickey Docherty's (2291)
Saved: North Clare (2292)
Saved: Larry Get Out Of The Bin (2293)
Saved: Hammy Hamilton's (2294)
Saved: Humours Of Ayle House, The (2295)
Saved: My Kindly Sweetheart (2296)
Saved: O'Shaughnessy's (2297)
Saved: Johnny Cronin's (2298)
Saved: Green Linnet, The (2299)
Saved: Trip To Bantry, The (2300)
Saved: Paddy Murphy's Wife (2301)
Saved: Sprig Of Shillelah, The (2302)
Saved: Campbell's Farewell To Red Gap (2303)
Saved: Rosbeg (2304)
Saved: Sword Dance (2305)
Saved: Francie Welsh's (2306)
Saved: Junior Crehan's (2307)
Saved: Maghera, The (2308)
Saved: Don't Touch That Green Linnet (2309)
Saved: Bike Trip, The (2310)
Saved: Joe Derrane's (2312)
Saved: Billy Rush's (2313)
Saved: Finbar Dwyer's (2315)
Saved: Lad O'Beirne's (2316)
Saved: Ti-jean (2317)
Saved: Galloping Hound, The (2318)
Saved: Calum Breugach (2319)
Saved: Versevanna (2320)
Saved: Flanigan's (2322)
Saved: Jack Rowe (2323)
Saved: Larry Redican's (2324)
Saved: Waltz From Orsa (2325)
Saved: Baptism (2326)
Saved: Johnny Cope (2327)
Saved: Mickey Callaghan's (2328)
Saved: Rambling Pitchfork, The (2329)
Saved: Cofey's (2331)
Saved: Walsh's (2332)
Saved: Father Dollard's Favourite (2333)
Saved: Gan Ainm (2334)
Saved: Paper-Cut Plant, The (2335)
Saved: Tap The Barrel (2336)
Saved: Will You Come Down To Limerick (2337)
Saved: Ari's Dance (2338)
Saved: Radio Betty-Hill (2339)
Saved: Kentigern's (2340)
Saved: Dirt On The Floor (2342)
Saved: Madame Bonaparte (2344)
Saved: What Pain I've Endured Since Last Year (2345)
Saved: Pee In The Dark (2346)
Saved: Mike Flannagan's (2348)
Saved: Clougher, The (2350)
Saved: Two Left Socks (2351)
Saved: Blue Idol, The (2352)
Saved: Joe Bane's (2353)
Saved: My Martini (2355)
Saved: Miss Sarah McFadyen (2357)
Saved: Joe Ryan's (2358)
Saved: Clog, The (2359)
Saved: Frankie Kennedy's (2360)
Saved: Fiona's (2361)
Saved: La Petite Suisse (2363)
Saved: Humours Of Salt Lake, The (2364)
Saved: North Highland Country Dance (2365)
Saved: North Highland Country Dance (2366)
Saved: Magoo's (2368)
Saved: Dog Big And Dog Little (2369)
Saved: Paddy McLeod's (2370)
Saved: Bonaparte's Retreat (2372)
Saved: Beauty Of The North (2373)
Saved: Up The Chimney (2374)
Saved: Bill The Weaver's (2375)
Saved: Brid Harper's (2376)
Saved: Where Is The Cat? (2377)
Saved: Farewell To Huncheon (2378)
Saved: Kerry Cow, The (2379)
Saved: Dances At Kinvara, The (2380)
Saved: A Whack At The Whigs (2381)
Saved: Johnny Leary's (2383)
Saved: Hunter, The (2384)
Saved: Birthday, The (2385)
Saved: Ravelled Hank Of Yarn, The (2386)
Saved: Fairhaired Child, The (2387)
Saved: Sir Phillip McHugh (2388)
Saved: Larry's Favourite (2389)
Saved: Matthew's (2390)
Saved: Old Monaghan Twig, The (2392)
Saved: John Naughton's (2393)
Saved: Cuckoo's Nest, The (2395)
Saved: Da Sooth End (2396)
Saved: Pride Of The Bronx, The (2397)
Saved: 4 Minutes 33 Seconds (2399)
Saved: My Wife's A Wanton Wee Thing (2400)
Saved: Blue Bonnets (2402)
Saved: Coming Of Spring, The (2403)
Saved: Nova Scotia, The (2404)
Saved: Men Of Argyll (2405)
Saved: Tom Clancy's (2406)
Failed to parse ABC data for id 2407:
 0: X: 1
